<?xml version="1.0" encoding="UTF-8"?>
<testsuite name="ReverseStringTest" tests="6" skipped="5" failures="0" errors="0" timestamp="2024-05-25T06:10:16" hostname="c889f3aa022f" time="0.03">
  <properties/>
  <testcase name="testAWord()" classname="ReverseStringTest" time="0.0">
    <skipped/>
  </testcase>
  <testcase name="testAnEmptyString()" classname="ReverseStringTest" time="0.026"/>
  <testcase name="testACapitalizedWord()" classname="ReverseStringTest" time="0.0">
    <skipped/>
  </testcase>
  <testcase name="testASentenceWithPunctuation()" classname="ReverseStringTest" time="0.0">
    <skipped/>
  </testcase>
  <testcase name="testAPalindrome()" classname="ReverseStringTest" time="0.0">
    <skipped/>
  </testcase>
  <testcase name="testAnEvenSizedWord()" classname="ReverseStringTest" time="0.0">
    <skipped/>
  </testcase>
  <system-out><![CDATA[]]></system-out>
  <system-err><![CDATA[]]></system-err>
</testsuite>
