<?xml version="1.0" encoding="UTF-8"?>
<testsuite name="ResistorColorDuoTest" tests="7" skipped="0" failures="0" errors="0" timestamp="2024-05-30T15:50:54" hostname="c889f3aa022f" time="0.035">
  <properties/>
  <testcase name="testWhiteAndRed()" classname="ResistorColorDuoTest" time="0.028"/>
  <testcase name="testBlackAndBrownOneDigit()" classname="ResistorColorDuoTest" time="0.0"/>
  <testcase name="testBrownAndBlack()" classname="ResistorColorDuoTest" time="0.0"/>
  <testcase name="testBlueAndGrey()" classname="ResistorColorDuoTest" time="0.0"/>
  <testcase name="testOrangeAndOrange()" classname="ResistorColorDuoTest" time="0.0"/>
  <testcase name="testYellowAndViolet()" classname="ResistorColorDuoTest" time="0.0"/>
  <testcase name="testIgnoreAdditionalColors()" classname="ResistorColorDuoTest" time="0.001"/>
  <system-out><![CDATA[]]></system-out>
  <system-err><![CDATA[]]></system-err>
</testsuite>
