<?xml version="1.0" encoding="UTF-8"?>
<testsuite name="ResistorColorTrioTest" tests="10" skipped="9" failures="0" errors="0" timestamp="2024-06-02T17:43:24" hostname="c889f3aa022f" time="0.034">
  <properties/>
  <testcase name="testBlueAndVioletAndBlue()" classname="ResistorColorTrioTest" time="0.0">
    <skipped/>
  </testcase>
  <testcase name="testOrangeAndOrangeAndBlack()" classname="ResistorColorTrioTest" time="0.029"/>
  <testcase name="testWhiteAndWhiteAndWhite()" classname="ResistorColorTrioTest" time="0.0">
    <skipped/>
  </testcase>
  <testcase name="testYellowAndVioletAndYellow()" classname="ResistorColorTrioTest" time="0.0">
    <skipped/>
  </testcase>
  <testcase name="testGreenAndBrownAndOrange()" classname="ResistorColorTrioTest" time="0.0">
    <skipped/>
  </testcase>
  <testcase name="testRedAndBlackAndRed()" classname="ResistorColorTrioTest" time="0.0">
    <skipped/>
  </testcase>
  <testcase name="testIgnoreExtraColors()" classname="ResistorColorTrioTest" time="0.0">
    <skipped/>
  </testcase>
  <testcase name="testBlackAndBlackAndBlack()" classname="ResistorColorTrioTest" time="0.0">
    <skipped/>
  </testcase>
  <testcase name="testFirstTwoColorsMakeAnInvalidOctalNumber()" classname="ResistorColorTrioTest" time="0.0">
    <skipped/>
  </testcase>
  <testcase name="testBlueAndGreyAndBrown()" classname="ResistorColorTrioTest" time="0.0">
    <skipped/>
  </testcase>
  <system-out><![CDATA[]]></system-out>
  <system-err><![CDATA[]]></system-err>
</testsuite>
