<?xml version="1.0" encoding="UTF-8"?>
<testsuite name="LargestSeriesProductCalculatorTest" tests="14" skipped="0" failures="0" errors="0" timestamp="2024-07-18T17:46:29" hostname="c889f3aa022f" time="0.046">
  <properties/>
  <testcase name="testCorrectlyCalculatesLargestProductOfLengthThreeWithNumbersNotInOrder()" classname="LargestSeriesProductCalculatorTest" time="0.03"/>
  <testcase name="testForIntegerOverflow()" classname="LargestSeriesProductCalculatorTest" time="0.001"/>
  <testcase name="testCorrectlyCalculatesLargestProductOfZeroIfAllDigitsAreZeroes()" classname="LargestSeriesProductCalculatorTest" time="0.001"/>
  <testcase name="testCorrectlyCalculatesLargestProductInLongStringToSearchV1()" classname="LargestSeriesProductCalculatorTest" time="0.001"/>
  <testcase name="testSeriesLengthLongerThanLengthOfStringToTestIsRejected()" classname="LargestSeriesProductCalculatorTest" time="0.002"/>
  <testcase name="testCorrectlyCalculatesLargestProductOfLengthThreeWithNumbersInOrder()" classname="LargestSeriesProductCalculatorTest" time="0.0"/>
  <testcase name="testCorrectlyCalculatesLargestProductOfZeroIfAllSeriesOfGivenLengthContainZero()" classname="LargestSeriesProductCalculatorTest" time="0.0"/>
  <testcase name="testNegativeSeriesLengthIsRejected()" classname="LargestSeriesProductCalculatorTest" time="0.001"/>
  <testcase name="testCorrectlyCalculatesLargestProductWhenSeriesLengthEqualsStringToSearchLength()" classname="LargestSeriesProductCalculatorTest" time="0.0"/>
  <testcase name="testCorrectlyCalculatesLargestProductOfLengthTwoWithNumbersInOrder()" classname="LargestSeriesProductCalculatorTest" time="0.0"/>
  <testcase name="testEmptyStringToSearchAndSeriesOfNonZeroLengthIsRejected()" classname="LargestSeriesProductCalculatorTest" time="0.001"/>
  <testcase name="testStringToSearchContainingNonDigitCharacterIsRejected()" classname="LargestSeriesProductCalculatorTest" time="0.001"/>
  <testcase name="testCorrectlyCalculatesLargestProductOfLengthFiveWithNumbersInOrder()" classname="LargestSeriesProductCalculatorTest" time="0.0"/>
  <testcase name="testCorrectlyCalculatesLargestProductOfLengthTwoWithNumbersNotInOrder()" classname="LargestSeriesProductCalculatorTest" time="0.001"/>
  <system-out><![CDATA[]]></system-out>
  <system-err><![CDATA[]]></system-err>
</testsuite>
