<?xml version="1.0" encoding="UTF-8"?>
<testsuite name="BadgeTest" tests="4" skipped="0" failures="0" errors="0" timestamp="2024-05-19T15:47:12" hostname="c889f3aa022f" time="0.032">
  <properties/>
  <testcase name="Printing a badge for the owner" classname="BadgeTest" time="0.028"/>
  <testcase name="Printing a badge for a new employee" classname="BadgeTest" time="0.0"/>
  <testcase name="Printing a badge for an employee" classname="BadgeTest" time="0.0"/>
  <testcase name="Printing a badge for the owner who is a new employee" classname="BadgeTest" time="0.0"/>
  <system-out><![CDATA[]]></system-out>
  <system-err><![CDATA[]]></system-err>
</testsuite>
