<?xml version="1.0" encoding="UTF-8"?>
<testsuite name="TransposeTest" tests="12" skipped="0" failures="0" errors="0" timestamp="2024-09-29T17:36:17" hostname="MacBookAir.lan" time="0.036">
  <properties/>
  <testcase name="jaggedTriangle()" classname="TransposeTest" time="0.027"/>
  <testcase name="secondLineLongerThanFirstLine()" classname="TransposeTest" time="0.0"/>
  <testcase name="simple()" classname="TransposeTest" time="0.0"/>
  <testcase name="square()" classname="TransposeTest" time="0.0"/>
  <testcase name="firstLineLongerThanSecondLine()" classname="TransposeTest" time="0.001"/>
  <testcase name="twoCharactersInARow()" classname="TransposeTest" time="0.001"/>
  <testcase name="singleLine()" classname="TransposeTest" time="0.0"/>
  <testcase name="rectangle()" classname="TransposeTest" time="0.0"/>
  <testcase name="mixedLineLength()" classname="TransposeTest" time="0.0"/>
  <testcase name="emptyString()" classname="TransposeTest" time="0.001"/>
  <testcase name="twoCharactersInAColumn()" classname="TransposeTest" time="0.0"/>
  <testcase name="triangle()" classname="TransposeTest" time="0.001"/>
  <system-out><![CDATA[]]></system-out>
  <system-err><![CDATA[]]></system-err>
</testsuite>
