<?xml version="1.0" encoding="UTF-8"?>
<testsuite name="PrimeFactorsCalculatorTest" tests="12" skipped="0" failures="0" errors="0" timestamp="2024-09-21T13:47:53" hostname="IRFANS-LAPTOP" time="0.174">
  <properties/>
  <testcase name="testProductOfSecondPrime()" classname="PrimeFactorsCalculatorTest" time="0.104"/>
  <testcase name="testProductOfThirdPrime()" classname="PrimeFactorsCalculatorTest" time="0.002"/>
  <testcase name="testProductOfPrimes()" classname="PrimeFactorsCalculatorTest" time="0.002"/>
  <testcase name="testProductOfFirstPrime()" classname="PrimeFactorsCalculatorTest" time="0.001"/>
  <testcase name="testCubeOfAPrime()" classname="PrimeFactorsCalculatorTest" time="0.002"/>
  <testcase name="testNoFactors()" classname="PrimeFactorsCalculatorTest" time="0.003"/>
  <testcase name="testProductOfPrimesAndNonPrimes()" classname="PrimeFactorsCalculatorTest" time="0.001"/>
  <testcase name="testPrimeNumber()" classname="PrimeFactorsCalculatorTest" time="0.002"/>
  <testcase name="testSquareOfAPrime()" classname="PrimeFactorsCalculatorTest" time="0.001"/>
  <testcase name="testProductOfFirstAndSecondPrime()" classname="PrimeFactorsCalculatorTest" time="0.002"/>
  <testcase name="testAnotherPrimeNumber()" classname="PrimeFactorsCalculatorTest" time="0.001"/>
  <testcase name="testFactorsIncludingALargePrime()" classname="PrimeFactorsCalculatorTest" time="0.034"/>
  <system-out><![CDATA[]]></system-out>
  <system-err><![CDATA[]]></system-err>
</testsuite>
