<?xml version="1.0" encoding="UTF-8"?>
<testsuite name="ElonsToyCarTest" tests="10" skipped="0" failures="0" errors="0" timestamp="2024-09-15T18:01:54" hostname="IRFANS-LAPTOP" time="2.185">
  <properties/>
  <testcase name="The static buy method returns a new remote controlled car instance" classname="ElonsToyCarTest" time="1.809"/>
  <testcase name="The distanceDisplay method shows 0 meters message on a new car" classname="ElonsToyCarTest" time="0.125"/>
  <testcase name="The distanceDisplay method shows the correct message after driving once" classname="ElonsToyCarTest" time="0.015"/>
  <testcase name="The batteryDisplay method shows the correct message after driving once" classname="ElonsToyCarTest" time="0.017"/>
  <testcase name="The distanceDisplay method shows the correct message after driving and draining all battery" classname="ElonsToyCarTest" time="0.009"/>
  <testcase name="The batteryDisplay method shows battery empty after draining all battery" classname="ElonsToyCarTest" time="0.011"/>
  <testcase name="The batteryDisplay method shows the correct battery percentage after driving multiple times" classname="ElonsToyCarTest" time="0.015"/>
  <testcase name="The static buy method returns each time a new remote controlled car instance" classname="ElonsToyCarTest" time="0.009"/>
  <testcase name="The distanceDisplay method shows the correct message after driving multiple times" classname="ElonsToyCarTest" time="0.009"/>
  <testcase name="The batteryDisplay method shows full battery message on a new car" classname="ElonsToyCarTest" time="0.007"/>
  <system-out><![CDATA[]]></system-out>
  <system-err><![CDATA[]]></system-err>
</testsuite>
