<?xml version="1.0" encoding="UTF-8"?>
<testsuite name="SpiralMatrixBuilderTest" tests="6" skipped="0" failures="0" errors="0" timestamp="2024-08-04T09:47:12" hostname="c889f3aa022f" time="0.046">
  <properties/>
  <testcase name="testTrivialSpiral()" classname="SpiralMatrixBuilderTest" time="0.038"/>
  <testcase name="testSpiralOfSize2()" classname="SpiralMatrixBuilderTest" time="0.0"/>
  <testcase name="testSpiralOfSize3()" classname="SpiralMatrixBuilderTest" time="0.0"/>
  <testcase name="testSpiralOfSize4()" classname="SpiralMatrixBuilderTest" time="0.001"/>
  <testcase name="testSpiralOfSize5()" classname="SpiralMatrixBuilderTest" time="0.001"/>
  <testcase name="testEmptySpiral()" classname="SpiralMatrixBuilderTest" time="0.001"/>
  <system-out><![CDATA[]]></system-out>
  <system-err><![CDATA[]]></system-err>
</testsuite>
