<?xml version="1.0" encoding="UTF-8"?>
<testsuite name="AnagramTest" tests="18" skipped="0" failures="0" errors="0" timestamp="2024-09-07T18:34:32" hostname="c889f3aa022f" time="0.047">
  <properties/>
  <testcase name="testCaseInsensitiveWhenBothAnagramAndSubjectStartWithUpperCaseLetter()" classname="AnagramTest" time="0.032"/>
  <testcase name="testEliminateAnagramSubsets()" classname="AnagramTest" time="0.001"/>
  <testcase name="testAnagramMustUseAllLettersExactlyOnce()" classname="AnagramTest" time="0.001"/>
  <testcase name="testIdenticalWordRepeatedIsNotAnagram()" classname="AnagramTest" time="0.001"/>
  <testcase name="testWordsAreNotAnagramsOfThemselvesEvenIfLetterCaseIsCompletelyDifferent()" classname="AnagramTest" time="0.0"/>
  <testcase name="testDetectsMultipleAnagramsWithDifferentCase()" classname="AnagramTest" time="0.0"/>
  <testcase name="testDifferentCharactersWithSameBytes()" classname="AnagramTest" time="0.001"/>
  <testcase name="testWordsOtherThanThemselvesCanBeAnagrams()" classname="AnagramTest" time="0.001"/>
  <testcase name="testDetectMultipleAnagramsForLongerWord()" classname="AnagramTest" time="0.0"/>
  <testcase name="testHandlesCaseOfGreekLetters()" classname="AnagramTest" time="0.001"/>
  <testcase name="testWordsAreNotAnagramsOfThemselvesCaseInsensitive()" classname="AnagramTest" time="0.001"/>
  <testcase name="testDetectsTwoAnagrams()" classname="AnagramTest" time="0.001"/>
  <testcase name="testCaseInsensitiveWhenSubjectStartsWithUpperCaseLetter()" classname="AnagramTest" time="0.0"/>
  <testcase name="testCaseInsensitiveWhenAnagramStartsWithUpperCaseLetter()" classname="AnagramTest" time="0.0"/>
  <testcase name="testWordsAreNotAnagramsOfThemselvesEvenIfLetterCaseIsPartiallyDifferent()" classname="AnagramTest" time="0.001"/>
  <testcase name="testDetectLongerAnagram()" classname="AnagramTest" time="0.0"/>
  <testcase name="testNoMatches()" classname="AnagramTest" time="0.001"/>
  <testcase name="testEliminateAnagramsWithSameChecksum()" classname="AnagramTest" time="0.0"/>
  <system-out><![CDATA[]]></system-out>
  <system-err><![CDATA[]]></system-err>
</testsuite>
