<?xml version="1.0" encoding="UTF-8"?>
<testsuite name="GrepToolTest" tests="25" skipped="0" failures="0" errors="0" timestamp="2024-09-13T12:37:03" hostname="IRFANS-LAPTOP" time="0.235">
  <properties/>
  <testcase name="multipleFilesNoMatchesVariousFlags()" classname="GrepToolTest" time="0.082"/>
  <testcase name="multipleFilesSeveralMatchesNoFlags()" classname="GrepToolTest" time="0.01"/>
  <testcase name="multipleFilesSeveralMatchesInvertedFlag()" classname="GrepToolTest" time="0.006"/>
  <testcase name="multipleFilesSeveralMatchesPrintLineNumbersFlag()" classname="GrepToolTest" time="0.006"/>
  <testcase name="multipleFilesSeveralMatchesInvertedAndMatchEntireLinesFlags()" classname="GrepToolTest" time="0.006"/>
  <testcase name="oneFileOneMatchMultipleFlags()" classname="GrepToolTest" time="0.005"/>
  <testcase name="oneFileSeveralMatchesMatchEntireLineFlag()" classname="GrepToolTest" time="0.006"/>
  <testcase name="oneFileOneMatchCaseInsensitiveFlag()" classname="GrepToolTest" time="0.005"/>
  <testcase name="oneFileOneMatchNoFlags()" classname="GrepToolTest" time="0.005"/>
  <testcase name="oneFileOneMatchPrintFileNamesFlag()" classname="GrepToolTest" time="0.005"/>
  <testcase name="multipleFilesOneMatchMultipleFlags()" classname="GrepToolTest" time="0.007"/>
  <testcase name="multipleFilesOneMatchEntireLinesFlag()" classname="GrepToolTest" time="0.006"/>
  <testcase name="oneFileOneMatchFileFlagTakesPrecedenceOverLineFlag()" classname="GrepToolTest" time="0.005"/>
  <testcase name="oneFileSeveralMatchesInvertedAndMatchEntireLinesFlags()" classname="GrepToolTest" time="0.004"/>
  <testcase name="multipleFilesOneMatchPrintFileNamesFlag()" classname="GrepToolTest" time="0.005"/>
  <testcase name="oneFileSeveralMatchesCaseInsensitiveFlag()" classname="GrepToolTest" time="0.004"/>
  <testcase name="multipleFilesSeveralMatchesCaseInsensitiveFlag()" classname="GrepToolTest" time="0.005"/>
  <testcase name="oneFileSeveralMatchesPrintLineNumbersFlag()" classname="GrepToolTest" time="0.005"/>
  <testcase name="oneFileOneMatchEntireLinesFlag()" classname="GrepToolTest" time="0.005"/>
  <testcase name="multipleFilesSeveralMatchesFileFlagTakesPrecedenceOverLineNumberFlag()" classname="GrepToolTest" time="0.005"/>
  <testcase name="oneFileSeveralMatchesInvertedFlag()" classname="GrepToolTest" time="0.005"/>
  <testcase name="oneFileNoMatchesVariousFlags()" classname="GrepToolTest" time="0.004"/>
  <testcase name="oneFileSeveralMatchesNoFlags()" classname="GrepToolTest" time="0.004"/>
  <testcase name="multipleFilesOneMatchNoFlags()" classname="GrepToolTest" time="0.006"/>
  <testcase name="oneFileOneMatchPrintLineNumbersFlag()" classname="GrepToolTest" time="0.004"/>
  <system-out><![CDATA[]]></system-out>
  <system-err><![CDATA[]]></system-err>
</testsuite>
