<?xml version="1.0" encoding="UTF-8"?>
<testsuite name="HouseTest" tests="14" skipped="0" failures="0" errors="0" timestamp="2024-08-09T13:42:24" hostname="c889f3aa022f" time="0.04">
  <properties/>
  <testcase name="verseOne()" classname="HouseTest" time="0.028"/>
  <testcase name="verseSix()" classname="HouseTest" time="0.0"/>
  <testcase name="verseTwo()" classname="HouseTest" time="0.0"/>
  <testcase name="verseFive()" classname="HouseTest" time="0.0"/>
  <testcase name="verseFour()" classname="HouseTest" time="0.0"/>
  <testcase name="verseNine()" classname="HouseTest" time="0.0"/>
  <testcase name="verseEight()" classname="HouseTest" time="0.0"/>
  <testcase name="verseSeven()" classname="HouseTest" time="0.001"/>
  <testcase name="verseThree()" classname="HouseTest" time="0.0"/>
  <testcase name="wholeRhyme()" classname="HouseTest" time="0.001"/>
  <testcase name="verse10()" classname="HouseTest" time="0.0"/>
  <testcase name="verse11()" classname="HouseTest" time="0.001"/>
  <testcase name="verse12()" classname="HouseTest" time="0.0"/>
  <testcase name="multipleVerses()" classname="HouseTest" time="0.0"/>
  <system-out><![CDATA[]]></system-out>
  <system-err><![CDATA[]]></system-err>
</testsuite>
