<?xml version="1.0" encoding="UTF-8"?>
<testsuite name="BinarySearchTreeTest" tests="10" skipped="0" failures="0" errors="0" timestamp="2024-09-18T18:54:06" hostname="IRFANS-LAPTOP" time="1.366">
  <properties/>
  <testcase name="iteratesOverComplexTree()" classname="BinarySearchTreeTest" time="0.947"/>
  <testcase name="dataIsRetained()" classname="BinarySearchTreeTest" time="0.052"/>
  <testcase name="insertsLess()" classname="BinarySearchTreeTest" time="0.066"/>
  <testcase name="insertsSame()" classname="BinarySearchTreeTest" time="0.038"/>
  <testcase name="sortsSingleElement()" classname="BinarySearchTreeTest" time="0.013"/>
  <testcase name="sortsCollectionOfTwoIfSecondInsertedIsSmallerThanFirst()" classname="BinarySearchTreeTest" time="0.015"/>
  <testcase name="createsComplexTree()" classname="BinarySearchTreeTest" time="0.017"/>
  <testcase name="insertsRight()" classname="BinarySearchTreeTest" time="0.023"/>
  <testcase name="sortsCollectionOfTwoIfSecondNumberisSameAsFirst()" classname="BinarySearchTreeTest" time="0.009"/>
  <testcase name="sortsCollectionOfTwoIfSecondInsertedIsBiggerThanFirst()" classname="BinarySearchTreeTest" time="0.01"/>
  <system-out><![CDATA[]]></system-out>
  <system-err><![CDATA[]]></system-err>
</testsuite>
