<?xml version="1.0" encoding="UTF-8"?>
<testsuite name="DiamondPrinterTest" tests="5" skipped="0" failures="0" errors="0" timestamp="2024-09-09T12:37:31" hostname="IRFANS-LAPTOP" time="0.093">
  <properties/>
  <testcase name="testFourByFourDiamond()" classname="DiamondPrinterTest" time="0.079"/>
  <testcase name="testFullDiamond()" classname="DiamondPrinterTest" time="0.002"/>
  <testcase name="testThreeByThreeDiamond()" classname="DiamondPrinterTest" time="0.002"/>
  <testcase name="testOneByOneDiamond()" classname="DiamondPrinterTest" time="0.002"/>
  <testcase name="testTwoByTwoDiamond()" classname="DiamondPrinterTest" time="0.002"/>
  <system-out><![CDATA[]]></system-out>
  <system-err><![CDATA[]]></system-err>
</testsuite>
