<?xml version="1.0" encoding="UTF-8"?>
<testsuite name="SieveTest" tests="5" skipped="0" failures="0" errors="0" timestamp="2024-09-04T15:20:21" hostname="c889f3aa022f" time="0.034">
  <properties/>
  <testcase name="findFirstPrime()" classname="SieveTest" time="0.029"/>
  <testcase name="noPrimesUnder2()" classname="SieveTest" time="0.001"/>
  <testcase name="findPrimesUpTo1000()" classname="SieveTest" time="0.001"/>
  <testcase name="limitIsPrime()" classname="SieveTest" time="0.001"/>
  <testcase name="findPrimesUpTo10()" classname="SieveTest" time="0.001"/>
  <system-out><![CDATA[]]></system-out>
  <system-err><![CDATA[]]></system-err>
</testsuite>
