<?xml version="1.0" encoding="UTF-8"?>
<testsuite name="ParallelLetterFrequencyTest" tests="13" skipped="0" failures="0" errors="0" timestamp="2024-10-09T15:26:16" hostname="MacBookAir.lan" time="0.04">
  <properties/>
  <testcase name="testTwoTextsWithOneLetter()" classname="ParallelLetterFrequencyTest" time="0.027"/>
  <testcase name="testIgnoreWhitespace()" classname="ParallelLetterFrequencyTest" time="0.001"/>
  <testcase name="testOneTextWithOneLetter()" classname="ParallelLetterFrequencyTest" time="0.001"/>
  <testcase name="testManySmallTexts()" classname="ParallelLetterFrequencyTest" time="0.001"/>
  <testcase name="testOneTextWithMultipleLetters()" classname="ParallelLetterFrequencyTest" time="0.001"/>
  <testcase name="testCombinationOfLowerAndUppercaseLettersPunctuationAndWhiteSpace()" classname="ParallelLetterFrequencyTest" time="0.001"/>
  <testcase name="testIgnorePunctuation()" classname="ParallelLetterFrequencyTest" time="0.0"/>
  <testcase name="testTwoTextsWithMultipleLetters()" classname="ParallelLetterFrequencyTest" time="0.0"/>
  <testcase name="testIgnoreLetterCasing()" classname="ParallelLetterFrequencyTest" time="0.001"/>
  <testcase name="testIgnoreNumbers()" classname="ParallelLetterFrequencyTest" time="0.0"/>
  <testcase name="testLargeTexts()" classname="ParallelLetterFrequencyTest" time="0.003"/>
  <testcase name="testUnicodeLetters()" classname="ParallelLetterFrequencyTest" time="0.001"/>
  <testcase name="testNoTexts()" classname="ParallelLetterFrequencyTest" time="0.0"/>
  <system-out><![CDATA[]]></system-out>
  <system-err><![CDATA[]]></system-err>
</testsuite>
