<?xml version="1.0" encoding="UTF-8"?>
<testsuite name="TwoferTest" tests="3" skipped="2" failures="0" errors="0" timestamp="2024-05-25T06:18:18" hostname="c889f3aa022f" time="0.035">
  <properties/>
  <testcase name="noNameGiven()" classname="TwoferTest" time="0.032"/>
  <testcase name="aNameGiven()" classname="TwoferTest" time="0.0">
    <skipped/>
  </testcase>
  <testcase name="anotherNameGiven()" classname="TwoferTest" time="0.0">
    <skipped/>
  </testcase>
  <system-out><![CDATA[]]></system-out>
  <system-err><![CDATA[]]></system-err>
</testsuite>
