<?xml version="1.0" encoding="UTF-8"?>
<testsuite name="TriangleTest" tests="21" skipped="0" failures="0" errors="0" timestamp="2024-09-25T17:48:13" hostname="IRFANS-LAPTOP" time="1.122">
  <properties/>
  <testcase name="verySmallTrianglesCanBeEquilateral()" classname="TriangleTest" time="0.613"/>
  <testcase name="isoscelesTrianglesHaveLastTwoSidesEqual()" classname="TriangleTest" time="0.01"/>
  <testcase name="trianglesWithOneUnequalSideAreNotEquilateral()" classname="TriangleTest" time="0.01"/>
  <testcase name="scaleneTrianglesHaveNoEqualSides()" classname="TriangleTest" time="0.022"/>
  <testcase name="trianglesWithNoEqualSidesAreNotEquilateral()" classname="TriangleTest" time="0.008"/>
  <testcase name="isoscelesTrianglesHaveFirstAndLastSidesEqual()" classname="TriangleTest" time="0.018"/>
  <testcase name="mayNotViolateTriangleInequality()" classname="TriangleTest" time="0.051"/>
  <testcase name="firstTriangleInequalityViolation()" classname="TriangleTest" time="0.01"/>
  <testcase name="twoSidesEqualAreNotScalene()" classname="TriangleTest" time="0.005"/>
  <testcase name="firstAndThirdSidesAreEqualAreNotScalene()" classname="TriangleTest" time="0.011"/>
  <testcase name="thirdTriangleInequalityViolation()" classname="TriangleTest" time="0.013"/>
  <testcase name="secondAndThirdSidesAreEqualAreNotScalene()" classname="TriangleTest" time="0.006"/>
  <testcase name="allSidesEqualAreNotScalene()" classname="TriangleTest" time="0.006"/>
  <testcase name="equilateralTrianglesHaveEqualSides()" classname="TriangleTest" time="0.005"/>
  <testcase name="trianglesWithNoSizeAreIllegal()" classname="TriangleTest" time="0.013"/>
  <testcase name="isoscelesTrianglesHaveTwoFirstSidesEqual()" classname="TriangleTest" time="0.008"/>
  <testcase name="equilateralTrianglesAreAlsoIsosceles()" classname="TriangleTest" time="0.005"/>
  <testcase name="verySmallTrianglesCanBeIsosceles()" classname="TriangleTest" time="0.007"/>
  <testcase name="noSidesAreEqualCantBeIsoceles()" classname="TriangleTest" time="0.011"/>
  <testcase name="secondTriangleInequalityViolation()" classname="TriangleTest" time="0.01"/>
  <testcase name="verySmallTrianglesCanBeScalene()" classname="TriangleTest" time="0.014"/>
  <system-out><![CDATA[]]></system-out>
  <system-err><![CDATA[]]></system-err>
</testsuite>
