<?xml version="1.0" encoding="UTF-8"?>
<testsuite name="DoublyLinkedListTest" tests="8" skipped="0" failures="0" errors="0" timestamp="2024-09-16T11:46:31" hostname="IRFANS-LAPTOP" time="1.049">
  <properties/>
  <testcase name="unshiftAddsElementAtStartOfTheList()" classname="DoublyLinkedListTest" time="0.694"/>
  <testcase name="pushAndPopRespectivelyAddsAndRemovesAtEndOfList()" classname="DoublyLinkedListTest" time="0.012"/>
  <testcase name="popGetsElementFromTheList()" classname="DoublyLinkedListTest" time="0.014"/>
  <testcase name="shiftingToEmptyDoesNotBreakTheList()" classname="DoublyLinkedListTest" time="0.011"/>
  <testcase name="shiftGetsAnElementFromTheList()" classname="DoublyLinkedListTest" time="0.01"/>
  <testcase name="popPushShiftUnshiftCanBeUsedInAnyOrder()" classname="DoublyLinkedListTest" time="0.035"/>
  <testcase name="shiftGetsFirstElementFromTheList()" classname="DoublyLinkedListTest" time="0.02"/>
  <testcase name="poppingToEmptyDoesNotBreakTheList()" classname="DoublyLinkedListTest" time="0.082"/>
  <system-out><![CDATA[]]></system-out>
  <system-err><![CDATA[]]></system-err>
</testsuite>
